vie 15 ago 2025 12:00:01 CEST: Iniciando monitoreo automático de reuniones...
vie 15 ago 2025 12:00:05 CEST: ✅ Monitoreo completado exitosamente
vie 15 ago 2025 12:00:05 CEST: Respuesta: {"success":true,"message":"Monitoreo de recordatorios de reunión completado","remindersSent":0,"timestamp":"2025-08-15T10:00:05.565Z","service":"Meeting Reminder Monitoring"}
vie 15 ago 2025 12:00:05 CEST: Monitoreo automático finalizado
---
sáb 16 ago 2025 12:00:01 CEST: Iniciando monitoreo automático de reuniones...
sáb 16 ago 2025 12:00:01 CEST: ❌ Error en monitoreo: 
sáb 16 ago 2025 12:00:01 CEST: Monitoreo automático finalizado
---
sáb 16 ago 2025 13:00:01 CEST: Iniciando monitoreo automático de reuniones...
sáb 16 ago 2025 13:00:01 CEST: ❌ Error en monitoreo: 
sáb 16 ago 2025 13:00:01 CEST: Monitoreo automático finalizado
---
sáb 16 ago 2025 14:00:01 CEST: Iniciando monitoreo automático de reuniones...
sáb 16 ago 2025 14:00:02 CEST: ✅ Monitoreo completado exitosamente
sáb 16 ago 2025 14:00:02 CEST: Respuesta: {"success":true,"message":"Monitoreo de recordatorios de reunión completado","remindersSent":0,"timestamp":"2025-08-16T12:00:02.926Z","service":"Meeting Reminder Monitoring"}
sáb 16 ago 2025 14:00:02 CEST: Monitoreo automático finalizado
---
sáb 16 ago 2025 15:00:01 CEST: Iniciando monitoreo automático de reuniones...
sáb 16 ago 2025 15:00:02 CEST: ✅ Monitoreo completado exitosamente
sáb 16 ago 2025 15:00:02 CEST: Respuesta: {"success":true,"message":"Monitoreo de recordatorios de reunión completado","remindersSent":0,"timestamp":"2025-08-16T13:00:02.554Z","service":"Meeting Reminder Monitoring"}
sáb 16 ago 2025 15:00:02 CEST: Monitoreo automático finalizado
---
sáb 16 ago 2025 16:00:01 CEST: Iniciando monitoreo automático de reuniones...
sáb 16 ago 2025 16:00:06 CEST: ✅ Monitoreo completado exitosamente
sáb 16 ago 2025 16:00:06 CEST: Respuesta: {"success":true,"message":"Monitoreo de recordatorios de reunión completado","remindersSent":0,"timestamp":"2025-08-16T14:00:06.552Z","service":"Meeting Reminder Monitoring"}
sáb 16 ago 2025 16:00:06 CEST: Monitoreo automático finalizado
---
sáb 16 ago 2025 17:00:01 CEST: Iniciando monitoreo automático de reuniones...
sáb 16 ago 2025 17:00:10 CEST: ✅ Monitoreo completado exitosamente
sáb 16 ago 2025 17:00:10 CEST: Respuesta: {"success":true,"message":"Monitoreo de recordatorios de reunión completado","remindersSent":0,"timestamp":"2025-08-16T15:00:10.919Z","service":"Meeting Reminder Monitoring"}
sáb 16 ago 2025 17:00:10 CEST: Monitoreo automático finalizado
---
sáb 16 ago 2025 18:00:01 CEST: Iniciando monitoreo automático de reuniones...
sáb 16 ago 2025 18:00:01 CEST: ❌ Error en monitoreo: 
sáb 16 ago 2025 18:00:01 CEST: Monitoreo automático finalizado
---
